<?xml version="1.0" encoding="UTF-8"?>
<!-- Generated by org.testng.reporters.JUnitReportReporter -->
<testsuite hostname="DESKTOP-N46UM7C" name="TestMain.Mainclass" tests="1" failures="0" timestamp="26 Aug 2020 19:53:04 GMT" time="17.229" errors="0">
  <testcase name="bookticket" time="17.229" classname="TestMain.Mainclass"/>
</testsuite> <!-- TestMain.Mainclass -->
